============================================================
  Generated by:           Genus(TM) Synthesis Solution 20.11-s111_1
  Generated on:           Mar 19 2025  11:26:23 am
  Module:                 mcrb
  Operating conditions:   slow 
  Interconnect mode:      global
  Area mode:              physical library
============================================================

                             
   Gate    Instances   Area           Library          
-------------------------------------------------------
AND2_X2            4   4.256    NangateOpenCellLibrary 
DFFR_X1            1   5.586    NangateOpenCellLibrary 
DFFR_X2            5  27.930    NangateOpenCellLibrary 
HA_X1              3   7.980    NangateOpenCellLibrary 
INV_X1             1   0.532    NangateOpenCellLibrary 
NOR2_X2            1   0.798    NangateOpenCellLibrary 
NOR3_X2            1   1.064    NangateOpenCellLibrary 
OAI222_X2          1   2.128    NangateOpenCellLibrary 
OR2_X1             1   1.064    NangateOpenCellLibrary 
XOR2_X1            1   1.596    NangateOpenCellLibrary 
-------------------------------------------------------
total             19  52.934                           


                                       
     Type      Instances  Area  Area % 
---------------------------------------
sequential             6 33.516   63.3 
inverter               1  0.532    1.0 
logic                 12 18.886   35.7 
physical_cells         0  0.000    0.0 
---------------------------------------
total                 19 52.934  100.0 

